<?xml version="1.0" encoding="UTF-8" ?>
<testsuite failures="0" time="0.041" errors="0" skipped="0" tests="1" name="com.wolf.md5.test.Md5EncodeTest">
  <properties>
    <property name="java.runtime.name" value="Java(TM) SE Runtime Environment"/>
    <property name="sun.boot.library.path" value="/System/Library/Java/JavaVirtualMachines/1.6.0.jdk/Contents/Libraries"/>
    <property name="java.vm.version" value="20.14-b01-447"/>
    <property name="awt.nativeDoubleBuffering" value="true"/>
    <property name="gopherProxySet" value="false"/>
    <property name="mrj.build" value="11M4203"/>
    <property name="java.vm.vendor" value="Apple Inc."/>
    <property name="java.vendor.url" value="http://www.apple.com/"/>
    <property name="path.separator" value=":"/>
    <property name="java.vm.name" value="Java HotSpot(TM) 64-Bit Server VM"/>
    <property name="file.encoding.pkg" value="sun.io"/>
    <property name="user.country" value="CN"/>
    <property name="sun.java.launcher" value="SUN_STANDARD"/>
    <property name="sun.os.patch.level" value="unknown"/>
    <property name="java.vm.specification.name" value="Java Virtual Machine Specification"/>
    <property name="user.dir" value="/Users/sam/Public/workspace/WolfSpringMVC-mybatis"/>
    <property name="java.runtime.version" value="1.6.0_43-b01-447-11M4203"/>
    <property name="java.awt.graphicsenv" value="apple.awt.CGraphicsEnvironment"/>
    <property name="basedir" value="/Users/sam/Public/workspace/WolfSpringMVC-mybatis"/>
    <property name="java.endorsed.dirs" value="/System/Library/Java/JavaVirtualMachines/1.6.0.jdk/Contents/Home/lib/endorsed"/>
    <property name="os.arch" value="x86_64"/>
    <property name="surefire.real.class.path" value="/Users/sam/Public/workspace/WolfSpringMVC-mybatis/target/surefire/surefirebooter6331013320156309516.jar"/>
    <property name="java.io.tmpdir" value="/var/folders/yg/z10_mm853sgbbdj7z6cr4tc00000gn/T/"/>
    <property name="line.separator" value="
"/>
    <property name="java.vm.specification.vendor" value="Sun Microsystems Inc."/>
    <property name="os.name" value="Mac OS X"/>
    <property name="sun.jnu.encoding" value="EUC_CN"/>
    <property name="java.library.path" value=".:/Library/Java/Extensions:/System/Library/Java/Extensions:/usr/lib/java"/>
    <property name="surefire.test.class.path" value="/Users/sam/Public/workspace/WolfSpringMVC-mybatis/target/test-classes:/Users/sam/Public/workspace/WolfSpringMVC-mybatis/target/classes:/Users/sam/.m2/repository/commons-lang/commons-lang/2.6/commons-lang-2.6.jar:/Users/sam/.m2/repository/commons-fileupload/commons-fileupload/1.2.2/commons-fileupload-1.2.2.jar:/Users/sam/.m2/repository/junit/junit/4.8.2/junit-4.8.2.jar:/Users/sam/.m2/repository/org/easymock/easymock/3.0/easymock-3.0.jar:/Users/sam/.m2/repository/cglib/cglib-nodep/2.2/cglib-nodep-2.2.jar:/Users/sam/.m2/repository/org/objenesis/objenesis/1.2/objenesis-1.2.jar:/Users/sam/.m2/repository/org/springframework/spring-mock/2.0.8/spring-mock-2.0.8.jar:/Users/sam/.m2/repository/commons-logging/commons-logging/1.1/commons-logging-1.1.jar:/Users/sam/.m2/repository/logkit/logkit/1.0.1/logkit-1.0.1.jar:/Users/sam/.m2/repository/avalon-framework/avalon-framework/4.1.3/avalon-framework-4.1.3.jar:/Users/sam/.m2/repository/org/springframework/spring-test/3.0.5.RELEASE/spring-test-3.0.5.RELEASE.jar:/Users/sam/.m2/repository/org/springframework/spring-core/3.0.5.RELEASE/spring-core-3.0.5.RELEASE.jar:/Users/sam/.m2/repository/org/springframework/spring-asm/3.0.5.RELEASE/spring-asm-3.0.5.RELEASE.jar:/Users/sam/.m2/repository/org/springframework/spring-beans/3.0.5.RELEASE/spring-beans-3.0.5.RELEASE.jar:/Users/sam/.m2/repository/org/springframework/spring-context/3.0.5.RELEASE/spring-context-3.0.5.RELEASE.jar:/Users/sam/.m2/repository/org/springframework/spring-expression/3.0.5.RELEASE/spring-expression-3.0.5.RELEASE.jar:/Users/sam/.m2/repository/org/springframework/spring-aop/3.0.5.RELEASE/spring-aop-3.0.5.RELEASE.jar:/Users/sam/.m2/repository/aopalliance/aopalliance/1.0/aopalliance-1.0.jar:/Users/sam/.m2/repository/org/springframework/spring-web/3.0.5.RELEASE/spring-web-3.0.5.RELEASE.jar:/Users/sam/.m2/repository/org/springframework/spring-orm/3.0.5.RELEASE/spring-orm-3.0.5.RELEASE.jar:/Users/sam/.m2/repository/org/springframework/spring-jdbc/3.0.5.RELEASE/spring-jdbc-3.0.5.RELEASE.jar:/Users/sam/.m2/repository/org/springframework/spring-webmvc/3.0.5.RELEASE/spring-webmvc-3.0.5.RELEASE.jar:/Users/sam/.m2/repository/org/springframework/spring-context-support/3.0.5.RELEASE/spring-context-support-3.0.5.RELEASE.jar:/Users/sam/.m2/repository/org/springframework/spring-tx/3.0.5.RELEASE/spring-tx-3.0.5.RELEASE.jar:/Users/sam/.m2/repository/org/springframework/security/spring-security-web/3.0.5.RELEASE/spring-security-web-3.0.5.RELEASE.jar:/Users/sam/.m2/repository/org/springframework/security/spring-security-core/3.0.5.RELEASE/spring-security-core-3.0.5.RELEASE.jar:/Users/sam/.m2/repository/org/aspectj/aspectjrt/1.6.8/aspectjrt-1.6.8.jar:/Users/sam/.m2/repository/org/springframework/security/spring-security-taglibs/3.0.5.RELEASE/spring-security-taglibs-3.0.5.RELEASE.jar:/Users/sam/.m2/repository/org/springframework/security/spring-security-acl/3.0.5.RELEASE/spring-security-acl-3.0.5.RELEASE.jar:/Users/sam/.m2/repository/org/springframework/security/spring-security-config/3.0.5.RELEASE/spring-security-config-3.0.5.RELEASE.jar:/Users/sam/.m2/repository/javax/servlet/jstl/1.2/jstl-1.2.jar:/Users/sam/.m2/repository/javax/servlet/jsp/jsp-api/2.1/jsp-api-2.1.jar:/Users/sam/.m2/repository/javax/servlet/servlet-api/2.5/servlet-api-2.5.jar:/Users/sam/.m2/repository/javax/validation/validation-api/1.0.0.GA/validation-api-1.0.0.GA.jar:/Users/sam/.m2/repository/org/hibernate/hibernate-validator-annotation-processor/4.1.0.Final/hibernate-validator-annotation-processor-4.1.0.Final.jar:/Users/sam/.m2/repository/org/hibernate/hibernate-validator/4.1.0.Final/hibernate-validator-4.1.0.Final.jar:/Users/sam/.m2/repository/javax/persistence/persistence-api/1.0/persistence-api-1.0.jar:/Users/sam/.m2/repository/log4j/log4j/1.2.16/log4j-1.2.16.jar:/Users/sam/.m2/repository/org/slf4j/slf4j-api/1.6.1/slf4j-api-1.6.1.jar:/Users/sam/.m2/repository/org/slf4j/slf4j-log4j12/1.6.1/slf4j-log4j12-1.6.1.jar:/Users/sam/.m2/repository/mysql/mysql-connector-java/5.1.16/mysql-connector-java-5.1.16.jar:/Users/sam/.m2/repository/c3p0/c3p0/0.9.1.2/c3p0-0.9.1.2.jar:/Users/sam/.m2/repository/org/mybatis/mybatis/3.0.5/mybatis-3.0.5.jar:/Users/sam/.m2/repository/org/mybatis/mybatis-spring/1.0.1/mybatis-spring-1.0.1.jar:/Users/sam/.m2/repository/org/apache/ibatis/ibatis-sqlmap/3.0-beta-9/ibatis-sqlmap-3.0-beta-9.jar:/Users/sam/.m2/repository/org/codehaus/jackson/jackson-core-lgpl/1.8.0/jackson-core-lgpl-1.8.0.jar:/Users/sam/.m2/repository/org/codehaus/jackson/jackson-mapper-asl/1.8.0/jackson-mapper-asl-1.8.0.jar:/Users/sam/.m2/repository/org/codehaus/jackson/jackson-core-asl/1.8.0/jackson-core-asl-1.8.0.jar:/Users/sam/.m2/repository/org/codehaus/jackson/jackson-mapper-lgpl/1.8.0/jackson-mapper-lgpl-1.8.0.jar:/Users/sam/.m2/repository/org/aspectj/aspectjweaver/1.6.10/aspectjweaver-1.6.10.jar:/Users/sam/.m2/repository/net/sf/scannotation/scannotation/1.0.2/scannotation-1.0.2.jar:/Users/sam/.m2/repository/javassist/javassist/3.6.0.GA/javassist-3.6.0.GA.jar:/Users/sam/.m2/repository/org/apache/poi/poi-ooxml-schemas/3.8-beta4/poi-ooxml-schemas-3.8-beta4.jar:/Users/sam/.m2/repository/org/apache/xmlbeans/xmlbeans/2.3.0/xmlbeans-2.3.0.jar:/Users/sam/.m2/repository/org/apache/poi/poi-ooxml/3.8-beta4/poi-ooxml-3.8-beta4.jar:/Users/sam/.m2/repository/org/apache/poi/poi/3.8-beta4/poi-3.8-beta4.jar:/Users/sam/.m2/repository/commons-codec/commons-codec/1.5/commons-codec-1.5.jar:/Users/sam/.m2/repository/org/apache/poi/poi-scratchpad/3.8-beta4/poi-scratchpad-3.8-beta4.jar:/Users/sam/.m2/repository/xml-apis/xml-apis/1.0.b2/xml-apis-1.0.b2.jar:/Users/sam/.m2/repository/stax/stax-api/1.0.1/stax-api-1.0.1.jar:/Users/sam/.m2/repository/dom4j/dom4j/1.6.1/dom4j-1.6.1.jar:"/>
    <property name="java.specification.name" value="Java Platform API Specification"/>
    <property name="java.class.version" value="50.0"/>
    <property name="sun.management.compiler" value="HotSpot 64-Bit Tiered Compilers"/>
    <property name="os.version" value="10.8.3"/>
    <property name="http.nonProxyHosts" value="local„ÄÅ169.254/16|*.local„ÄÅ169.254/16"/>
    <property name="user.home" value="/Users/sam"/>
    <property name="user.timezone" value="Asia/Shanghai"/>
    <property name="java.awt.printerjob" value="apple.awt.CPrinterJob"/>
    <property name="java.specification.version" value="1.6"/>
    <property name="file.encoding" value="EUC_CN"/>
    <property name="user.name" value="sam"/>
    <property name="java.class.path" value="/Users/sam/Public/workspace/WolfSpringMVC-mybatis/target/test-classes:/Users/sam/Public/workspace/WolfSpringMVC-mybatis/target/classes:/Users/sam/.m2/repository/commons-lang/commons-lang/2.6/commons-lang-2.6.jar:/Users/sam/.m2/repository/commons-fileupload/commons-fileupload/1.2.2/commons-fileupload-1.2.2.jar:/Users/sam/.m2/repository/junit/junit/4.8.2/junit-4.8.2.jar:/Users/sam/.m2/repository/org/easymock/easymock/3.0/easymock-3.0.jar:/Users/sam/.m2/repository/cglib/cglib-nodep/2.2/cglib-nodep-2.2.jar:/Users/sam/.m2/repository/org/objenesis/objenesis/1.2/objenesis-1.2.jar:/Users/sam/.m2/repository/org/springframework/spring-mock/2.0.8/spring-mock-2.0.8.jar:/Users/sam/.m2/repository/commons-logging/commons-logging/1.1/commons-logging-1.1.jar:/Users/sam/.m2/repository/logkit/logkit/1.0.1/logkit-1.0.1.jar:/Users/sam/.m2/repository/avalon-framework/avalon-framework/4.1.3/avalon-framework-4.1.3.jar:/Users/sam/.m2/repository/org/springframework/spring-test/3.0.5.RELEASE/spring-test-3.0.5.RELEASE.jar:/Users/sam/.m2/repository/org/springframework/spring-core/3.0.5.RELEASE/spring-core-3.0.5.RELEASE.jar:/Users/sam/.m2/repository/org/springframework/spring-asm/3.0.5.RELEASE/spring-asm-3.0.5.RELEASE.jar:/Users/sam/.m2/repository/org/springframework/spring-beans/3.0.5.RELEASE/spring-beans-3.0.5.RELEASE.jar:/Users/sam/.m2/repository/org/springframework/spring-context/3.0.5.RELEASE/spring-context-3.0.5.RELEASE.jar:/Users/sam/.m2/repository/org/springframework/spring-expression/3.0.5.RELEASE/spring-expression-3.0.5.RELEASE.jar:/Users/sam/.m2/repository/org/springframework/spring-aop/3.0.5.RELEASE/spring-aop-3.0.5.RELEASE.jar:/Users/sam/.m2/repository/aopalliance/aopalliance/1.0/aopalliance-1.0.jar:/Users/sam/.m2/repository/org/springframework/spring-web/3.0.5.RELEASE/spring-web-3.0.5.RELEASE.jar:/Users/sam/.m2/repository/org/springframework/spring-orm/3.0.5.RELEASE/spring-orm-3.0.5.RELEASE.jar:/Users/sam/.m2/repository/org/springframework/spring-jdbc/3.0.5.RELEASE/spring-jdbc-3.0.5.RELEASE.jar:/Users/sam/.m2/repository/org/springframework/spring-webmvc/3.0.5.RELEASE/spring-webmvc-3.0.5.RELEASE.jar:/Users/sam/.m2/repository/org/springframework/spring-context-support/3.0.5.RELEASE/spring-context-support-3.0.5.RELEASE.jar:/Users/sam/.m2/repository/org/springframework/spring-tx/3.0.5.RELEASE/spring-tx-3.0.5.RELEASE.jar:/Users/sam/.m2/repository/org/springframework/security/spring-security-web/3.0.5.RELEASE/spring-security-web-3.0.5.RELEASE.jar:/Users/sam/.m2/repository/org/springframework/security/spring-security-core/3.0.5.RELEASE/spring-security-core-3.0.5.RELEASE.jar:/Users/sam/.m2/repository/org/aspectj/aspectjrt/1.6.8/aspectjrt-1.6.8.jar:/Users/sam/.m2/repository/org/springframework/security/spring-security-taglibs/3.0.5.RELEASE/spring-security-taglibs-3.0.5.RELEASE.jar:/Users/sam/.m2/repository/org/springframework/security/spring-security-acl/3.0.5.RELEASE/spring-security-acl-3.0.5.RELEASE.jar:/Users/sam/.m2/repository/org/springframework/security/spring-security-config/3.0.5.RELEASE/spring-security-config-3.0.5.RELEASE.jar:/Users/sam/.m2/repository/javax/servlet/jstl/1.2/jstl-1.2.jar:/Users/sam/.m2/repository/javax/servlet/jsp/jsp-api/2.1/jsp-api-2.1.jar:/Users/sam/.m2/repository/javax/servlet/servlet-api/2.5/servlet-api-2.5.jar:/Users/sam/.m2/repository/javax/validation/validation-api/1.0.0.GA/validation-api-1.0.0.GA.jar:/Users/sam/.m2/repository/org/hibernate/hibernate-validator-annotation-processor/4.1.0.Final/hibernate-validator-annotation-processor-4.1.0.Final.jar:/Users/sam/.m2/repository/org/hibernate/hibernate-validator/4.1.0.Final/hibernate-validator-4.1.0.Final.jar:/Users/sam/.m2/repository/javax/persistence/persistence-api/1.0/persistence-api-1.0.jar:/Users/sam/.m2/repository/log4j/log4j/1.2.16/log4j-1.2.16.jar:/Users/sam/.m2/repository/org/slf4j/slf4j-api/1.6.1/slf4j-api-1.6.1.jar:/Users/sam/.m2/repository/org/slf4j/slf4j-log4j12/1.6.1/slf4j-log4j12-1.6.1.jar:/Users/sam/.m2/repository/mysql/mysql-connector-java/5.1.16/mysql-connector-java-5.1.16.jar:/Users/sam/.m2/repository/c3p0/c3p0/0.9.1.2/c3p0-0.9.1.2.jar:/Users/sam/.m2/repository/org/mybatis/mybatis/3.0.5/mybatis-3.0.5.jar:/Users/sam/.m2/repository/org/mybatis/mybatis-spring/1.0.1/mybatis-spring-1.0.1.jar:/Users/sam/.m2/repository/org/apache/ibatis/ibatis-sqlmap/3.0-beta-9/ibatis-sqlmap-3.0-beta-9.jar:/Users/sam/.m2/repository/org/codehaus/jackson/jackson-core-lgpl/1.8.0/jackson-core-lgpl-1.8.0.jar:/Users/sam/.m2/repository/org/codehaus/jackson/jackson-mapper-asl/1.8.0/jackson-mapper-asl-1.8.0.jar:/Users/sam/.m2/repository/org/codehaus/jackson/jackson-core-asl/1.8.0/jackson-core-asl-1.8.0.jar:/Users/sam/.m2/repository/org/codehaus/jackson/jackson-mapper-lgpl/1.8.0/jackson-mapper-lgpl-1.8.0.jar:/Users/sam/.m2/repository/org/aspectj/aspectjweaver/1.6.10/aspectjweaver-1.6.10.jar:/Users/sam/.m2/repository/net/sf/scannotation/scannotation/1.0.2/scannotation-1.0.2.jar:/Users/sam/.m2/repository/javassist/javassist/3.6.0.GA/javassist-3.6.0.GA.jar:/Users/sam/.m2/repository/org/apache/poi/poi-ooxml-schemas/3.8-beta4/poi-ooxml-schemas-3.8-beta4.jar:/Users/sam/.m2/repository/org/apache/xmlbeans/xmlbeans/2.3.0/xmlbeans-2.3.0.jar:/Users/sam/.m2/repository/org/apache/poi/poi-ooxml/3.8-beta4/poi-ooxml-3.8-beta4.jar:/Users/sam/.m2/repository/org/apache/poi/poi/3.8-beta4/poi-3.8-beta4.jar:/Users/sam/.m2/repository/commons-codec/commons-codec/1.5/commons-codec-1.5.jar:/Users/sam/.m2/repository/org/apache/poi/poi-scratchpad/3.8-beta4/poi-scratchpad-3.8-beta4.jar:/Users/sam/.m2/repository/xml-apis/xml-apis/1.0.b2/xml-apis-1.0.b2.jar:/Users/sam/.m2/repository/stax/stax-api/1.0.1/stax-api-1.0.1.jar:/Users/sam/.m2/repository/dom4j/dom4j/1.6.1/dom4j-1.6.1.jar:"/>
    <property name="java.vm.specification.version" value="1.0"/>
    <property name="sun.arch.data.model" value="64"/>
    <property name="java.home" value="/System/Library/Java/JavaVirtualMachines/1.6.0.jdk/Contents/Home"/>
    <property name="sun.java.command" value="/Users/sam/Public/workspace/WolfSpringMVC-mybatis/target/surefire/surefirebooter6331013320156309516.jar /Users/sam/Public/workspace/WolfSpringMVC-mybatis/target/surefire/surefire8633431595429305951tmp /Users/sam/Public/workspace/WolfSpringMVC-mybatis/target/surefire/surefire2442367814839221395tmp"/>
    <property name="java.specification.vendor" value="Sun Microsystems Inc."/>
    <property name="user.language" value="zh"/>
    <property name="awt.toolkit" value="apple.awt.CToolkit"/>
    <property name="java.vm.info" value="mixed mode"/>
    <property name="java.version" value="1.6.0_43"/>
    <property name="java.ext.dirs" value="/Library/Java/Extensions:/System/Library/Java/Extensions:/System/Library/Java/JavaVirtualMachines/1.6.0.jdk/Contents/Home/lib/ext"/>
    <property name="sun.boot.class.path" value="/System/Library/Java/JavaVirtualMachines/1.6.0.jdk/Contents/Classes/jsfd.jar:/System/Library/Java/JavaVirtualMachines/1.6.0.jdk/Contents/Classes/classes.jar:/System/Library/Frameworks/JavaVM.framework/Frameworks/JavaRuntimeSupport.framework/Resources/Java/JavaRuntimeSupport.jar:/System/Library/Java/JavaVirtualMachines/1.6.0.jdk/Contents/Classes/ui.jar:/System/Library/Java/JavaVirtualMachines/1.6.0.jdk/Contents/Classes/laf.jar:/System/Library/Java/JavaVirtualMachines/1.6.0.jdk/Contents/Classes/sunrsasign.jar:/System/Library/Java/JavaVirtualMachines/1.6.0.jdk/Contents/Classes/jsse.jar:/System/Library/Java/JavaVirtualMachines/1.6.0.jdk/Contents/Classes/jce.jar:/System/Library/Java/JavaVirtualMachines/1.6.0.jdk/Contents/Classes/charsets.jar"/>
    <property name="java.vendor" value="Apple Inc."/>
    <property name="localRepository" value="/Users/sam/.m2/repository"/>
    <property name="file.separator" value="/"/>
    <property name="java.vendor.url.bug" value="http://bugreport.apple.com/"/>
    <property name="sun.cpu.endian" value="little"/>
    <property name="sun.io.unicode.encoding" value="UnicodeLittle"/>
    <property name="mrj.version" value="1070.1.6.0_43-447"/>
    <property name="socksNonProxyHosts" value="local„ÄÅ169.254/16|*.local„ÄÅ169.254/16"/>
    <property name="ftp.nonProxyHosts" value="local„ÄÅ169.254/16|*.local„ÄÅ169.254/16"/>
    <property name="sun.cpu.isalist" value=""/>
  </properties>
  <testcase time="0.041" classname="com.wolf.md5.test.Md5EncodeTest" name="testMd5Encode"/>
</testsuite>